[0.012s] Invoking command in '/home/bfg/Documents/quadruped-rl/actuator_ws/build/actuator_bringup': CMAKE_PREFIX_PATH=${CMAKE_PREFIX_PATH}:/opt/ros/jazzy DEBUGINFOD_URLS=https://debuginfod.ubuntu.com /usr/bin/cmake /home/bfg/Documents/quadruped-rl/actuator_ws/src/actuator_bringup -DAMENT_CMAKE_SYMLINK_INSTALL=1 -DCMAKE_INSTALL_PREFIX=/home/bfg/Documents/quadruped-rl/actuator_ws/install/actuator_bringup
[0.086s] -- The C compiler identification is GNU 13.3.0
[0.148s] -- The CXX compiler identification is GNU 13.3.0
[0.165s] -- Detecting C compiler ABI info
[0.307s] -- Detecting C compiler ABI info - done
[0.316s] -- Check for working C compiler: /usr/bin/cc - skipped
[0.316s] -- Detecting C compile features
[0.317s] -- Detecting C compile features - done
[0.326s] -- Detecting CXX compiler ABI info
[0.442s] -- Detecting CXX compiler ABI info - done
[0.450s] -- Check for working CXX compiler: /usr/bin/c++ - skipped
[0.450s] -- Detecting CXX compile features
[0.451s] -- Detecting CXX compile features - done
[0.454s] -- Found ament_cmake: 2.5.5 (/opt/ros/jazzy/share/ament_cmake/cmake)
[0.617s] -- Found Python3: /usr/bin/python3 (found version "3.12.3") found components: Interpreter 
[0.697s] -- Override CMake install command with custom implementation using symlinks instead of copying resources
[0.730s] -- Found ament_lint_auto: 0.17.4 (/opt/ros/jazzy/share/ament_lint_auto/cmake)
[0.850s] -- Added test 'flake8' to check Python code syntax and style conventions
[0.850s] -- Configured 'flake8' exclude dirs and/or files: 
[0.850s] -- Added test 'lint_cmake' to check CMake code style
[0.852s] -- Added test 'pep257' to check Python code against some of the docstring style conventions in PEP 257
[0.853s] -- Added test 'xmllint' to check XML markup files
[0.855s] -- Configuring done (0.8s)
[0.859s] -- Generating done (0.0s)
[0.860s] -- Build files have been written to: /home/bfg/Documents/quadruped-rl/actuator_ws/build/actuator_bringup
[0.867s] Invoked command in '/home/bfg/Documents/quadruped-rl/actuator_ws/build/actuator_bringup' returned '0': CMAKE_PREFIX_PATH=${CMAKE_PREFIX_PATH}:/opt/ros/jazzy DEBUGINFOD_URLS=https://debuginfod.ubuntu.com /usr/bin/cmake /home/bfg/Documents/quadruped-rl/actuator_ws/src/actuator_bringup -DAMENT_CMAKE_SYMLINK_INSTALL=1 -DCMAKE_INSTALL_PREFIX=/home/bfg/Documents/quadruped-rl/actuator_ws/install/actuator_bringup
[0.868s] Invoking command in '/home/bfg/Documents/quadruped-rl/actuator_ws/build/actuator_bringup': CMAKE_PREFIX_PATH=${CMAKE_PREFIX_PATH}:/opt/ros/jazzy DEBUGINFOD_URLS=https://debuginfod.ubuntu.com /usr/bin/cmake --build /home/bfg/Documents/quadruped-rl/actuator_ws/build/actuator_bringup -- -j16 -l16
[0.913s] Invoked command in '/home/bfg/Documents/quadruped-rl/actuator_ws/build/actuator_bringup' returned '0': CMAKE_PREFIX_PATH=${CMAKE_PREFIX_PATH}:/opt/ros/jazzy DEBUGINFOD_URLS=https://debuginfod.ubuntu.com /usr/bin/cmake --build /home/bfg/Documents/quadruped-rl/actuator_ws/build/actuator_bringup -- -j16 -l16
[0.926s] Invoking command in '/home/bfg/Documents/quadruped-rl/actuator_ws/build/actuator_bringup': CMAKE_PREFIX_PATH=${CMAKE_PREFIX_PATH}:/opt/ros/jazzy DEBUGINFOD_URLS=https://debuginfod.ubuntu.com /usr/bin/cmake --install /home/bfg/Documents/quadruped-rl/actuator_ws/build/actuator_bringup
[0.935s] -- Install configuration: ""
[0.936s] -- Execute custom install script
[0.936s] -- Symlinking: /home/bfg/Documents/quadruped-rl/actuator_ws/install/actuator_bringup/share/actuator_bringup/config/controllers.yaml
[0.948s] -- Symlinking: /home/bfg/Documents/quadruped-rl/actuator_ws/install/actuator_bringup/share/actuator_bringup/launch/actuator_launch.py
[0.958s] -- Symlinking: /home/bfg/Documents/quadruped-rl/actuator_ws/install/actuator_bringup/share/ament_index/resource_index/package_run_dependencies/actuator_bringup
[0.969s] -- Symlinking: /home/bfg/Documents/quadruped-rl/actuator_ws/install/actuator_bringup/share/ament_index/resource_index/parent_prefix_path/actuator_bringup
[0.980s] -- Symlinking: /home/bfg/Documents/quadruped-rl/actuator_ws/install/actuator_bringup/share/actuator_bringup/environment/ament_prefix_path.sh
[0.991s] -- Symlinking: /home/bfg/Documents/quadruped-rl/actuator_ws/install/actuator_bringup/share/actuator_bringup/environment/ament_prefix_path.dsv
[1.002s] -- Symlinking: /home/bfg/Documents/quadruped-rl/actuator_ws/install/actuator_bringup/share/actuator_bringup/environment/path.sh
[1.014s] -- Symlinking: /home/bfg/Documents/quadruped-rl/actuator_ws/install/actuator_bringup/share/actuator_bringup/environment/path.dsv
[1.025s] -- Symlinking: /home/bfg/Documents/quadruped-rl/actuator_ws/install/actuator_bringup/share/actuator_bringup/local_setup.bash
[1.036s] -- Symlinking: /home/bfg/Documents/quadruped-rl/actuator_ws/install/actuator_bringup/share/actuator_bringup/local_setup.sh
[1.047s] -- Symlinking: /home/bfg/Documents/quadruped-rl/actuator_ws/install/actuator_bringup/share/actuator_bringup/local_setup.zsh
[1.057s] -- Symlinking: /home/bfg/Documents/quadruped-rl/actuator_ws/install/actuator_bringup/share/actuator_bringup/local_setup.dsv
[1.068s] -- Symlinking: /home/bfg/Documents/quadruped-rl/actuator_ws/install/actuator_bringup/share/actuator_bringup/package.dsv
[1.079s] -- Symlinking: /home/bfg/Documents/quadruped-rl/actuator_ws/install/actuator_bringup/share/ament_index/resource_index/packages/actuator_bringup
[1.089s] -- Symlinking: /home/bfg/Documents/quadruped-rl/actuator_ws/install/actuator_bringup/share/actuator_bringup/cmake/actuator_bringupConfig.cmake
[1.100s] -- Symlinking: /home/bfg/Documents/quadruped-rl/actuator_ws/install/actuator_bringup/share/actuator_bringup/cmake/actuator_bringupConfig-version.cmake
[1.112s] -- Symlinking: /home/bfg/Documents/quadruped-rl/actuator_ws/install/actuator_bringup/share/actuator_bringup/package.xml
[1.125s] Invoked command in '/home/bfg/Documents/quadruped-rl/actuator_ws/build/actuator_bringup' returned '0': CMAKE_PREFIX_PATH=${CMAKE_PREFIX_PATH}:/opt/ros/jazzy DEBUGINFOD_URLS=https://debuginfod.ubuntu.com /usr/bin/cmake --install /home/bfg/Documents/quadruped-rl/actuator_ws/build/actuator_bringup
