-- The C compiler identification is GNU 13.3.0
-- The CXX compiler identification is GNU 13.3.0
-- Detecting C compiler ABI info
-- Detecting C compiler ABI info - done
-- Check for working C compiler: /usr/bin/cc - skipped
-- Detecting C compile features
-- Detecting C compile features - done
-- Detecting CXX compiler ABI info
-- Detecting CXX compiler ABI info - done
-- Check for working CXX compiler: /usr/bin/c++ - skipped
-- Detecting CXX compile features
-- Detecting CXX compile features - done
-- Found ament_cmake: 2.5.5 (/opt/ros/jazzy/share/ament_cmake/cmake)
-- Found Python3: /usr/bin/python3 (found version "3.12.3") found components: Interpreter 
-- Override CMake install command with custom implementation using symlinks instead of copying resources
-- Found ament_lint_auto: 0.17.4 (/opt/ros/jazzy/share/ament_lint_auto/cmake)
-- Added test 'lint_cmake' to check CMake code style
-- Added test 'xmllint' to check XML markup files
-- Configuring done (0.8s)
-- Generating done (0.0s)
-- Build files have been written to: /home/bfg/Documents/quadruped-rl/actuator_ws/build/actuator_description
-- Install configuration: ""
-- Execute custom install script
-- Symlinking: /home/bfg/Documents/quadruped-rl/actuator_ws/install/actuator_description/share/actuator_description/urdf/SimplifiedMotorForIsaac.gazebo
-- Symlinking: /home/bfg/Documents/quadruped-rl/actuator_ws/install/actuator_description/share/actuator_description/urdf/SimplifiedMotorForIsaac.trans
-- Symlinking: /home/bfg/Documents/quadruped-rl/actuator_ws/install/actuator_description/share/actuator_description/urdf/actuator.urdf
-- Symlinking: /home/bfg/Documents/quadruped-rl/actuator_ws/install/actuator_description/share/actuator_description/urdf/actuator/actuator.usda
-- Symlinking: /home/bfg/Documents/quadruped-rl/actuator_ws/install/actuator_description/share/actuator_description/urdf/actuator/payloads/Physics/mujoco.usda
-- Symlinking: /home/bfg/Documents/quadruped-rl/actuator_ws/install/actuator_description/share/actuator_description/urdf/actuator/payloads/Physics/physics.usda
-- Symlinking: /home/bfg/Documents/quadruped-rl/actuator_ws/install/actuator_description/share/actuator_description/urdf/actuator/payloads/Physics/physx.usda
-- Symlinking: /home/bfg/Documents/quadruped-rl/actuator_ws/install/actuator_description/share/actuator_description/urdf/actuator/payloads/base.usda
-- Symlinking: /home/bfg/Documents/quadruped-rl/actuator_ws/install/actuator_description/share/actuator_description/urdf/actuator/payloads/geometries.usd
-- Symlinking: /home/bfg/Documents/quadruped-rl/actuator_ws/install/actuator_description/share/actuator_description/urdf/actuator/payloads/instances.usda
-- Symlinking: /home/bfg/Documents/quadruped-rl/actuator_ws/install/actuator_description/share/actuator_description/urdf/actuator/payloads/materials.usda
-- Symlinking: /home/bfg/Documents/quadruped-rl/actuator_ws/install/actuator_description/share/actuator_description/urdf/actuator/payloads/robot.usda
-- Symlinking: /home/bfg/Documents/quadruped-rl/actuator_ws/install/actuator_description/share/actuator_description/urdf/materials.xacro
-- Symlinking: /home/bfg/Documents/quadruped-rl/actuator_ws/install/actuator_description/share/actuator_description/meshes/RotorReal_1.stl
-- Symlinking: /home/bfg/Documents/quadruped-rl/actuator_ws/install/actuator_description/share/actuator_description/meshes/base_link.stl
-- Symlinking: /home/bfg/Documents/quadruped-rl/actuator_ws/install/actuator_description/share/ament_index/resource_index/package_run_dependencies/actuator_description
-- Symlinking: /home/bfg/Documents/quadruped-rl/actuator_ws/install/actuator_description/share/ament_index/resource_index/parent_prefix_path/actuator_description
-- Symlinking: /home/bfg/Documents/quadruped-rl/actuator_ws/install/actuator_description/share/actuator_description/environment/ament_prefix_path.sh
-- Symlinking: /home/bfg/Documents/quadruped-rl/actuator_ws/install/actuator_description/share/actuator_description/environment/ament_prefix_path.dsv
-- Symlinking: /home/bfg/Documents/quadruped-rl/actuator_ws/install/actuator_description/share/actuator_description/environment/path.sh
-- Symlinking: /home/bfg/Documents/quadruped-rl/actuator_ws/install/actuator_description/share/actuator_description/environment/path.dsv
-- Symlinking: /home/bfg/Documents/quadruped-rl/actuator_ws/install/actuator_description/share/actuator_description/local_setup.bash
-- Symlinking: /home/bfg/Documents/quadruped-rl/actuator_ws/install/actuator_description/share/actuator_description/local_setup.sh
-- Symlinking: /home/bfg/Documents/quadruped-rl/actuator_ws/install/actuator_description/share/actuator_description/local_setup.zsh
-- Symlinking: /home/bfg/Documents/quadruped-rl/actuator_ws/install/actuator_description/share/actuator_description/local_setup.dsv
-- Symlinking: /home/bfg/Documents/quadruped-rl/actuator_ws/install/actuator_description/share/actuator_description/package.dsv
-- Symlinking: /home/bfg/Documents/quadruped-rl/actuator_ws/install/actuator_description/share/ament_index/resource_index/packages/actuator_description
-- Symlinking: /home/bfg/Documents/quadruped-rl/actuator_ws/install/actuator_description/share/actuator_description/cmake/actuator_descriptionConfig.cmake
-- Symlinking: /home/bfg/Documents/quadruped-rl/actuator_ws/install/actuator_description/share/actuator_description/cmake/actuator_descriptionConfig-version.cmake
-- Symlinking: /home/bfg/Documents/quadruped-rl/actuator_ws/install/actuator_description/share/actuator_description/package.xml
